[2021-09-07T14:49:57.274] [DEBUG] cheese - login => username:ds,password:as
[2021-09-07T14:49:57.276] [DEBUG] cheese - ds
[2021-09-07T14:49:57.285] [DEBUG] cheese - null
[2021-09-07T14:49:57.286] [DEBUG] cheese - null
[2021-09-07T14:50:48.052] [DEBUG] cheese - login => username:admin,password:admin
[2021-09-07T14:50:48.052] [DEBUG] cheese - admin
[2021-09-07T14:50:48.056] [DEBUG] cheese - null
[2021-09-07T14:50:48.056] [DEBUG] cheese - null
[2021-09-07T14:50:54.519] [DEBUG] cheese - login => username:admin,password:123456
[2021-09-07T14:50:54.519] [DEBUG] cheese - admin
[2021-09-07T14:50:54.521] [DEBUG] cheese - null
[2021-09-07T14:50:54.522] [DEBUG] cheese - null
[2021-09-07T15:21:16.265] [DEBUG] cheese - login => username:admin,password:123456
[2021-09-07T15:21:16.265] [DEBUG] cheese - admin
[2021-09-07T15:21:16.267] [DEBUG] cheese - null
[2021-09-07T15:21:16.268] [DEBUG] cheese - null
[2021-09-08T10:41:55.761] [DEBUG] cheese - login => username:admin,password:123456
[2021-09-08T10:41:55.763] [DEBUG] cheese - admin
[2021-09-08T10:41:55.775] [DEBUG] cheese - null
[2021-09-08T10:41:55.776] [DEBUG] cheese - null
[2021-09-08T12:41:30.994] [DEBUG] cheese - login => username:admin,password:123456
[2021-09-08T12:41:30.995] [DEBUG] cheese - admin
[2021-09-08T12:41:31.001] [DEBUG] cheese - null
[2021-09-08T12:41:31.002] [DEBUG] cheese - null
[2021-09-09T12:43:41.875] [DEBUG] cheese - login => username:admin,password:123456
[2021-09-09T12:43:41.876] [DEBUG] cheese - admin
[2021-09-09T12:43:41.890] [DEBUG] cheese - null
[2021-09-09T12:43:41.891] [DEBUG] cheese - null
[2021-09-09T12:43:46.515] [DEBUG] cheese - login => username:admin,password:123456
[2021-09-09T12:43:46.515] [DEBUG] cheese - admin
[2021-09-09T12:43:46.518] [DEBUG] cheese - null
[2021-09-09T12:43:46.518] [DEBUG] cheese - null
[2021-09-09T14:17:43.772] [DEBUG] cheese - login => username:admin,password:123456
[2021-09-09T14:17:43.772] [DEBUG] cheese - admin
[2021-09-09T14:17:43.779] [DEBUG] cheese - null
[2021-09-09T14:17:43.779] [DEBUG] cheese - null
[2021-09-09T15:52:52.357] [DEBUG] cheese - login => username:admin,password:123456
[2021-09-09T15:52:52.358] [DEBUG] cheese - admin
[2021-09-09T15:52:52.365] [DEBUG] cheese - null
[2021-09-09T15:52:52.365] [DEBUG] cheese - null
[2021-09-10T09:46:30.589] [DEBUG] cheese - login => username:admin,password:123456
[2021-09-10T09:46:30.590] [DEBUG] cheese - admin
[2021-09-10T09:46:30.608] [DEBUG] cheese - null
[2021-09-10T09:46:30.608] [DEBUG] cheese - null
[2021-09-10T14:35:52.916] [DEBUG] cheese - login => username:admin,password:123456
[2021-09-10T14:35:52.917] [DEBUG] cheese - admin
[2021-09-10T14:35:52.929] [DEBUG] cheese - { inspect: [Function: inspect] }
[2021-09-10T14:35:52.931] [DEBUG] cheese - 查询失败
[2021-09-10T14:36:02.118] [DEBUG] cheese - login => username:admin,password:123456
[2021-09-10T14:36:02.119] [DEBUG] cheese - admin
[2021-09-10T14:36:02.120] [DEBUG] cheese - { inspect: [Function: inspect] }
[2021-09-10T14:36:02.121] [DEBUG] cheese - 查询失败
[2021-09-10T14:37:25.196] [DEBUG] cheese - login => username:admin,password:123456
[2021-09-10T14:37:25.196] [DEBUG] cheese - admin
[2021-09-10T14:37:25.201] [DEBUG] cheese - { inspect: [Function: inspect] }
[2021-09-10T14:37:25.201] [DEBUG] cheese - 查询失败
[2021-09-10T14:37:33.071] [DEBUG] cheese - login => username:admin,password:123456
[2021-09-10T14:37:33.071] [DEBUG] cheese - admin
[2021-09-10T14:37:33.073] [DEBUG] cheese - { inspect: [Function: inspect] }
[2021-09-10T14:37:33.073] [DEBUG] cheese - 查询失败
[2021-09-10T14:40:24.851] [DEBUG] cheese - login => username:admin,password:123456
[2021-09-10T14:40:24.851] [DEBUG] cheese - admin
[2021-09-10T14:40:24.855] [DEBUG] cheese - { inspect: [Function: inspect] }
[2021-09-10T14:40:24.855] [DEBUG] cheese - 查询失败
[2021-09-10T14:41:24.866] [DEBUG] cheese - login => username:admin,password:123456
[2021-09-10T14:41:24.867] [DEBUG] cheese - admin
[2021-09-10T14:41:24.877] [DEBUG] cheese - { inspect: [Function: inspect] }
[2021-09-10T14:41:24.879] [DEBUG] cheese - 查询失败
[2021-09-10T14:41:34.711] [DEBUG] cheese - login => username:admin,password:123456
[2021-09-10T14:41:34.711] [DEBUG] cheese - admin
[2021-09-10T14:41:34.714] [DEBUG] cheese - { inspect: [Function: inspect] }
[2021-09-10T14:41:34.715] [DEBUG] cheese - 查询失败
[2021-09-10T14:43:00.897] [DEBUG] cheese - login => username:admin,password:123456
[2021-09-10T14:43:00.899] [DEBUG] cheese - admin
[2021-09-10T14:43:00.914] [DEBUG] cheese - null
[2021-09-10T14:43:00.915] [DEBUG] cheese - null
[2021-09-10T14:54:19.811] [DEBUG] cheese - login => username:admin,password:123456
[2021-09-10T14:54:19.813] [DEBUG] cheese - admin
[2021-09-10T14:54:19.819] [DEBUG] cheese - { inspect: [Function: inspect] }
[2021-09-10T14:54:19.823] [DEBUG] cheese - 查询失败
[2021-09-10T14:56:10.382] [DEBUG] cheese - login => username:admin,password:123456
[2021-09-10T14:56:10.383] [DEBUG] cheese - admin
[2021-09-10T14:56:10.395] [DEBUG] cheese - null
[2021-09-10T14:56:10.396] [DEBUG] cheese - null
[2021-09-10T15:01:43.264] [DEBUG] cheese - null
[2021-09-10T15:01:43.268] [DEBUG] cheese - null
[2021-09-10T15:05:12.302] [DEBUG] cheese - null
[2021-09-10T15:05:12.305] [DEBUG] cheese - null
[2021-09-10T15:06:33.065] [DEBUG] cheese - null
[2021-09-10T15:06:33.068] [DEBUG] cheese - null
[2021-09-10T15:06:49.861] [DEBUG] cheese - login => username:maomao,password:111111
[2021-09-10T15:06:49.861] [DEBUG] cheese - maomao
[2021-09-10T15:06:49.864] [DEBUG] cheese - null
[2021-09-10T15:06:49.864] [DEBUG] cheese - null
[2021-09-10T15:19:21.534] [DEBUG] cheese - null
[2021-09-10T15:19:28.992] [DEBUG] cheese - login => username:aaaa,password:111111
[2021-09-10T15:19:28.992] [DEBUG] cheese - aaaa
[2021-09-10T15:19:28.996] [DEBUG] cheese - null
[2021-09-10T15:19:28.996] [DEBUG] cheese - null
[2021-09-10T15:21:05.112] [DEBUG] cheese - null
[2021-09-10T15:21:11.411] [DEBUG] cheese - login => username:cccc,password:111111
[2021-09-10T15:21:11.411] [DEBUG] cheese - cccc
[2021-09-10T15:21:11.414] [DEBUG] cheese - null
[2021-09-10T15:21:11.415] [DEBUG] cheese - null
[2021-09-10T15:24:49.249] [DEBUG] cheese - null
[2021-09-10T15:46:28.766] [DEBUG] cheese - null
[2021-09-10T15:51:12.739] [DEBUG] cheese - null
[2021-09-10T15:52:21.220] [DEBUG] cheese - null
[2021-09-10T15:52:35.197] [DEBUG] cheese - login => username:admin,password:111111
[2021-09-10T15:52:35.197] [DEBUG] cheese - admin
[2021-09-10T15:52:35.201] [DEBUG] cheese - null
[2021-09-10T15:52:35.202] [DEBUG] cheese - null
[2021-09-10T16:04:02.200] [DEBUG] cheese - null
[2021-09-10T16:08:35.391] [DEBUG] cheese - null
[2021-09-10T16:37:12.743] [DEBUG] cheese - null
[2021-09-10T16:38:09.547] [DEBUG] cheese - null
[2021-09-10T16:39:15.949] [DEBUG] cheese - null
[2021-09-10T16:39:48.616] [DEBUG] cheese - null
[2021-09-10T16:40:36.964] [DEBUG] cheese - null
[2021-09-10T16:46:07.394] [DEBUG] cheese - null
[2021-09-10T16:46:19.422] [DEBUG] cheese - null
[2021-09-10T16:49:18.286] [DEBUG] cheese - null
[2021-09-10T16:49:39.125] [DEBUG] cheese - null
[2021-09-10T16:49:55.513] [DEBUG] cheese - null
[2021-09-10T16:50:25.678] [DEBUG] cheese - null
[2021-09-10T16:50:36.957] [DEBUG] cheese - null
[2021-09-10T16:51:13.677] [DEBUG] cheese - null
[2021-09-10T16:52:41.004] [DEBUG] cheese - null
[2021-09-10T16:53:07.442] [DEBUG] cheese - null
[2021-09-10T16:54:49.499] [DEBUG] cheese - null
[2021-09-10T16:55:11.001] [DEBUG] cheese - null
[2021-09-10T17:01:59.151] [DEBUG] cheese - null
[2021-09-10T17:02:20.477] [DEBUG] cheese - null
[2021-09-10T17:03:51.822] [DEBUG] cheese - null
[2021-09-10T17:03:58.958] [DEBUG] cheese - null
[2021-09-10T17:04:15.549] [DEBUG] cheese - null
[2021-09-10T17:14:01.531] [DEBUG] cheese - null
[2021-09-10T17:20:22.002] [DEBUG] cheese - null
[2021-09-10T17:39:38.620] [DEBUG] cheese - null
[2021-09-10T18:06:10.870] [DEBUG] cheese - null
[2021-09-10T18:07:27.461] [DEBUG] cheese - null
[2021-09-10T18:08:01.953] [DEBUG] cheese - null
[2021-09-10T18:08:14.165] [DEBUG] cheese - null
